<?xml version="1.0" encoding="UTF-8"?>
<testsuite xmlns:xsi="http://www.w3.org/2001/XMLSchema-instance" xsi:noNamespaceSchemaLocation="https://maven.apache.org/surefire/maven-surefire-plugin/xsd/surefire-test-report-3.0.xsd" version="3.0" name="org.example.ValidatorCLITest" time="0.297" tests="2" errors="0" skipped="0" failures="0">
  <properties>
[...]
</properties>
  <testcase name="testCompareLineSets_MissingLine" classname="org.example.ValidatorCLITest" time="0.19">
    <system-out><![CDATA[❌ Отсутствует в test:
  - "line2"
]]></system-out>
    <system-err><![CDATA[SLF4J: Failed to load class "org.slf4j.impl.StaticLoggerBinder".
SLF4J: Defaulting to no-operation (NOP) logger implementation
SLF4J: See http://www.slf4j.org/codes.html#StaticLoggerBinder for further details.
]]></system-err>
  </testcase>
  <testcase name="testCompareLineSets_Identical" classname="org.example.ValidatorCLITest" time="0.005">
    <system-out><![CDATA[✅ Ошибок не обнаружено
]]></system-out>
  </testcase>
</testsuite>